GARAGE_1
PRINTER_ROOM_76
BACK_ROOM_231
MAIN_FREEZER
SECURITY_ROOM_1
CABINET_67_C1
SECURITY_ROOM_2
CABINET_34_A
CABINET_34_A
MAIN_FREEZER
SECURITY_ROOM_1
GARAGE_1
PRINTER_ROOM_76
SECURITY_ROOM_1
GARAGE_1
PRINTER_ROOM_76
SECURITY_ROOM_2
BACKDOOR_332
GARAGE_2
GARAGE_2
SECURITY_ROOM_2
SECURITY_ROOM_2
CABINET_34_A
SECURITY_ROOM_2
MAIN_FREEZER
SECURITY_ROOM_1
PRINTER_ROOM_76
PRINTER_ROOM_76
BACKDOOR_332
BACK_ROOM_231
CABINET_67_C1
GARAGE_1
BACK_ROOM_231
GARAGE_1
MAIN_FREEZER
PRINTER_ROOM_76
SECURITY_ROOM_1
CABINET_34_A
MAIN_FREEZER
SECURITY_ROOM_2
GARAGE_1
CABINET_34_A
PRINTER_ROOM_76
PRINTER_ROOM_76
SECURITY_ROOM_1
SECURITY_ROOM_2
BACKDOOR_332
PRINTER_ROOM_76
SECURITY_ROOM_1
SECURITY_ROOM_2
MAIN_FREEZER
CABINET_67_C1
